\BOOKMARK [1][-]{section.1}{\376\377\000I\000n\000t\000r\000o\000d\000u\000c\000t\000i\000o\000n}{}% 1
\BOOKMARK [1][-]{section.2}{\376\377\000S\000y\000s\000t\000e\000m\000\040\000A\000r\000c\000h\000i\000t\000e\000c\000t\000u\000r\000e}{}% 2
\BOOKMARK [2][-]{subsection.2.1}{\376\377\000I\000m\000p\000l\000e\000m\000e\000n\000t\000a\000t\000i\000o\000n\000\040\000V\000a\000r\000i\000a\000n\000t\000s\000\040\000\050\000A\000r\000c\000h\000i\000t\000e\000c\000t\000u\000r\000e\000\040\000D\000i\000a\000g\000r\000a\000m\000s\000\051}{section.2}% 3
\BOOKMARK [3][-]{subsubsection.2.1.1}{\376\377\0001\000.\000\040\000U\000n\000i\000f\000i\000e\000d\000\040\000M\000a\000s\000t\000e\000r\000\040\000P\000i\000p\000e\000l\000i\000n\000e\000\040\000\050\000m\000a\000s\000t\000e\000r\000\137\000p\000i\000p\000e\000l\000i\000n\000e\000.\000p\000y\000\051}{subsection.2.1}% 4
\BOOKMARK [3][-]{subsubsection.2.1.2}{\376\377\0002\000.\000\040\000B\000a\000s\000e\000l\000i\000n\000e\000\040\000L\000o\000c\000a\000l\000\040\000R\000A\000G\000\040\000\050\000m\000a\000i\000n\000\137\000l\000o\000c\000a\000l\000.\000p\000y\000\051}{subsection.2.1}% 5
\BOOKMARK [3][-]{subsubsection.2.1.3}{\376\377\0002\000.\000\040\000C\000l\000o\000u\000d\000\040\000I\000n\000f\000e\000r\000e\000n\000c\000e\000\040\000R\000A\000G\000\040\000\050\000m\000a\000i\000n\000\137\000g\000r\000o\000q\000.\000p\000y\000\051}{subsection.2.1}% 6
\BOOKMARK [3][-]{subsubsection.2.1.4}{\376\377\0003\000.\000\040\000H\000i\000e\000r\000a\000r\000c\000h\000i\000c\000a\000l\000\040\000+\000\040\000F\000l\000a\000s\000h\000R\000a\000n\000k\000\040\000\050\000m\000a\000i\000n\000\137\000h\000i\000e\000r\000a\000r\000c\000h\000i\000c\000a\000l\000\137\000f\000l\000a\000s\000h\000r\000a\000n\000k\000.\000p\000y\000\051}{subsection.2.1}% 7
\BOOKMARK [3][-]{subsubsection.2.1.5}{\376\377\0004\000.\000\040\000A\000d\000v\000a\000n\000c\000e\000d\000\040\000H\000y\000b\000r\000i\000d\000\040\000R\000A\000G\000\040\000\050\000m\000a\000i\000n\000\137\000h\000i\000e\000r\000a\000r\000c\000h\000i\000c\000a\000l\000\137\000h\000y\000b\000r\000i\000d\000.\000p\000y\000\051}{subsection.2.1}% 8
\BOOKMARK [1][-]{section.3}{\376\377\000C\000o\000r\000e\000\040\000C\000o\000m\000p\000o\000n\000e\000n\000t\000s\000\040\000\046\000\040\000C\000o\000n\000f\000i\000g\000u\000r\000a\000t\000i\000o\000n}{}% 9
\BOOKMARK [2][-]{subsection.3.1}{\376\377\000C\000o\000n\000f\000i\000g\000u\000r\000a\000t\000i\000o\000n\000\040\000M\000a\000n\000a\000g\000e\000m\000e\000n\000t\000\040\000\050\000m\000a\000s\000t\000e\000r\000\137\000c\000o\000n\000f\000i\000g\000.\000j\000s\000o\000n\000\051}{section.3}% 10
\BOOKMARK [3][-]{subsubsection.3.1.1}{\376\377\000K\000e\000y\000\040\000c\000o\000n\000f\000i\000g\000u\000r\000a\000t\000i\000o\000n\000\040\000p\000a\000r\000a\000m\000e\000t\000e\000r\000s\000\040\000e\000x\000p\000l\000a\000i\000n\000e\000d\000:}{subsection.3.1}% 11
\BOOKMARK [2][-]{subsection.3.2}{\376\377\000D\000a\000t\000a\000\040\000I\000n\000g\000e\000s\000t\000i\000o\000n\000\040\000\046\000\040\000H\000i\000e\000r\000a\000r\000c\000h\000i\000c\000a\000l\000\040\000C\000h\000u\000n\000k\000i\000n\000g}{section.3}% 12
\BOOKMARK [2][-]{subsection.3.3}{\376\377\000H\000y\000b\000r\000i\000d\000\040\000R\000e\000t\000r\000i\000e\000v\000a\000l\000\040\000M\000e\000c\000h\000a\000n\000i\000s\000m}{section.3}% 13
\BOOKMARK [2][-]{subsection.3.4}{\376\377\000R\000e\000r\000a\000n\000k\000i\000n\000g\000\040\000v\000i\000a\000\040\000J\000i\000n\000a\000\040\000C\000r\000o\000s\000s\000-\000E\000n\000c\000o\000d\000e\000r}{section.3}% 14
\BOOKMARK [1][-]{section.4}{\376\377\000L\000a\000n\000g\000u\000a\000g\000e\000\040\000M\000o\000d\000e\000l\000s\000:\000\040\000L\000o\000c\000a\000l\000\040\000v\000s\000.\000\040\000C\000l\000o\000u\000d}{}% 15
\BOOKMARK [2][-]{subsection.4.1}{\376\377\000L\000o\000c\000a\000l\000\040\000I\000n\000f\000e\000r\000e\000n\000c\000e\000\040\000\050\000m\000a\000i\000n\000\137\000h\000i\000e\000r\000a\000r\000c\000h\000i\000c\000a\000l\000\137\000h\000y\000b\000r\000i\000d\000.\000p\000y\000\051}{section.4}% 16
\BOOKMARK [2][-]{subsection.4.2}{\376\377\000C\000l\000o\000u\000d\000\040\000I\000n\000f\000e\000r\000e\000n\000c\000e\000\040\000\050\000m\000a\000i\000n\000\137\000g\000r\000o\000q\000.\000p\000y\000\051}{section.4}% 17
\BOOKMARK [1][-]{section.5}{\376\377\000U\000s\000e\000r\000\040\000I\000n\000t\000e\000r\000f\000a\000c\000e\000s\000\040\000\046\000\040\000F\000r\000o\000n\000t\000e\000n\000d\000s}{}% 18
\BOOKMARK [2][-]{subsection.5.1}{\376\377\000S\000t\000r\000e\000a\000m\000l\000i\000t\000\040\000W\000e\000b\000\040\000I\000n\000t\000e\000r\000f\000a\000c\000e\000\040\000\050\000f\000r\000o\000n\000t\000e\000n\000d\000.\000p\000y\000\051}{section.5}% 19
\BOOKMARK [1][-]{section.6}{\376\377\000D\000a\000t\000a\000b\000a\000s\000e\000\040\000M\000a\000i\000n\000t\000e\000n\000a\000n\000c\000e\000\040\000\046\000\040\000O\000p\000e\000r\000a\000t\000i\000o\000n\000s}{}% 20
\BOOKMARK [2][-]{subsection.6.1}{\376\377\000S\000c\000h\000e\000m\000a\000\040\000\046\000\040\000S\000e\000t\000u\000p}{section.6}% 21
\BOOKMARK [2][-]{subsection.6.2}{\376\377\000F\000l\000u\000s\000h\000i\000n\000g\000\040\000\046\000\040\000C\000l\000e\000a\000n\000u\000p}{section.6}% 22
\BOOKMARK [1][-]{section.7}{\376\377\000A\000u\000t\000o\000m\000a\000t\000e\000d\000\040\000T\000e\000s\000t\000i\000n\000g\000\040\000\046\000\040\000O\000b\000s\000e\000r\000v\000a\000t\000i\000o\000n}{}% 23
\BOOKMARK [2][-]{subsection.7.1}{\376\377\000R\000o\000b\000u\000s\000t\000\040\000L\000o\000g\000g\000i\000n\000g}{section.7}% 24
\BOOKMARK [2][-]{subsection.7.2}{\376\377\000R\000A\000G\000\040\000E\000v\000a\000l\000u\000a\000t\000i\000o\000n\000\040\000\046\000\040\000S\000t\000a\000b\000i\000l\000i\000t\000y\000\040\000T\000e\000s\000t\000i\000n\000g}{section.7}% 25
\BOOKMARK [3][-]{subsubsection.7.2.1}{\376\377\000H\000o\000w\000\040\000t\000h\000e\000\040\000T\000e\000s\000t\000i\000n\000g\000\040\000F\000r\000a\000m\000e\000w\000o\000r\000k\000\040\000O\000p\000e\000r\000a\000t\000e\000s}{subsection.7.2}% 26
\BOOKMARK [3][-]{subsubsection.7.2.2}{\376\377\000U\000s\000a\000g\000e\000\040\000I\000n\000s\000t\000r\000u\000c\000t\000i\000o\000n\000s}{subsection.7.2}% 27
\BOOKMARK [1][-]{section.8}{\376\377\000D\000e\000p\000e\000n\000d\000e\000n\000c\000i\000e\000s\000\040\000\046\000\040\000E\000n\000v\000i\000r\000o\000n\000m\000e\000n\000t\000\040\000S\000e\000t\000u\000p}{}% 28
